This is pdfTeX, Version 3.14159265-2.6-1.40.17 (TeX Live 2016) (preloaded format=pdflatex 2016.10.27)  31 JAN 2017 13:02
entering extended mode
 restricted \write18 enabled.
 %&-line parsing enabled.
**kompendium
(./kompendium.tex
LaTeX2e <2016/03/31>
Babel <3.9r> and hyphenation patterns for 83 language(s) loaded.
(./templ.tex (/usr/local/texlive/2016/texmf-dist/tex/generic/epsf/epsf.tex
This is `epsf.tex' v2.7.4 <14 February 2011>
\epsffilein=\read1
\epsfframemargin=\dimen102
\epsfframethickness=\dimen103
\epsfrsize=\dimen104
\epsftmp=\dimen105
\epsftsize=\dimen106
\epsfxsize=\dimen107
\epsfysize=\dimen108
\pspoints=\dimen109
)
\scrfam=\mathgroup4


\frakfam=\mathgroup5


\msbfam=\mathgroup6


\headtext=\toks14
! Undefined control sequence.
l.137 \headline
               ={\ifnum\pageno=1\hfill\else
? 

! LaTeX Error: Missing \begin{document}.

See the LaTeX manual or LaTeX Companion for explanation.
Type  H <return>  for immediate help.
 ...                                              
                                                  
l.137 \headline=
                {\ifnum\pageno=1\hfill\else
? 
! Emergency stop.
 ...                                              
                                                  
l.137 \headline=
                {\ifnum\pageno=1\hfill\else
You're in trouble here.  Try typing  <return>  to proceed.
If that doesn't work, type  X <return>  to quit.

 
Here is how much of TeX's memory you used:
 187 strings out of 493014
 1867 string characters out of 6133350
 53601 words of memory out of 5000000
 3790 multiletter control sequences out of 15000+600000
 15876 words of font info for 55 fonts, out of 8000000 for 9000
 1141 hyphenation exceptions out of 8191
 7i,0n,10p,136b,14s stack positions out of 5000i,500n,10000p,200000b,80000s
!  ==> Fatal error occurred, no output PDF file produced!
